<?xml version="1.0" encoding="UTF-8"?>
<testsuite name="com.example.demo.domain.posts.PostsRepositoryTest" tests="2" skipped="0" failures="0" errors="0" timestamp="2020-07-23T06:26:19" hostname="DESKTOP-IMSH2M8" time="0.175">
  <properties/>
  <testcase name="게시글저장_불러오기" classname="com.example.demo.domain.posts.PostsRepositoryTest" time="0.164"/>
  <testcase name="BaseTimeEntity_등록" classname="com.example.demo.domain.posts.PostsRepositoryTest" time="0.01"/>
  <system-out><![CDATA[2020-07-23 15:26:19.799  INFO 13532 --- [    Test worker] .b.t.c.SpringBootTestContextBootstrapper : Neither @ContextConfiguration nor @ContextHierarchy found for test class [com.example.demo.domain.posts.PostsRepositoryTest], using SpringBootContextLoader
2020-07-23 15:26:19.799  INFO 13532 --- [    Test worker] o.s.t.c.support.AbstractContextLoader    : Could not detect default resource locations for test class [com.example.demo.domain.posts.PostsRepositoryTest]: no resource found for suffixes {-context.xml, Context.groovy}.
2020-07-23 15:26:19.800  INFO 13532 --- [    Test worker] t.c.s.AnnotationConfigContextLoaderUtils : Could not detect default configuration classes for test class [com.example.demo.domain.posts.PostsRepositoryTest]: PostsRepositoryTest does not declare any static, non-private, non-final, nested classes annotated with @Configuration.
2020-07-23 15:26:19.804  INFO 13532 --- [    Test worker] .b.t.c.SpringBootTestContextBootstrapper : Found @SpringBootConfiguration com.example.demo.DemoApplication for test class com.example.demo.domain.posts.PostsRepositoryTest
2020-07-23 15:26:19.805  INFO 13532 --- [    Test worker] .b.t.c.SpringBootTestContextBootstrapper : Loaded default TestExecutionListener class names from location [META-INF/spring.factories]: [org.springframework.security.test.context.support.WithSecurityContextTestExecutionListener, org.springframework.security.test.context.support.ReactorContextTestExecutionListener, org.springframework.boot.test.autoconfigure.restdocs.RestDocsTestExecutionListener, org.springframework.boot.test.autoconfigure.web.client.MockRestServiceServerResetTestExecutionListener, org.springframework.boot.test.autoconfigure.web.servlet.MockMvcPrintOnlyOnFailureTestExecutionListener, org.springframework.boot.test.autoconfigure.web.servlet.WebDriverTestExecutionListener, org.springframework.boot.test.mock.mockito.MockitoTestExecutionListener, org.springframework.boot.test.mock.mockito.ResetMocksTestExecutionListener, org.springframework.test.context.web.ServletTestExecutionListener, org.springframework.test.context.support.DirtiesContextBeforeModesTestExecutionListener, org.springframework.test.context.support.DependencyInjectionTestExecutionListener, org.springframework.test.context.support.DirtiesContextTestExecutionListener, org.springframework.test.context.transaction.TransactionalTestExecutionListener, org.springframework.test.context.jdbc.SqlScriptsTestExecutionListener]
2020-07-23 15:26:19.806  INFO 13532 --- [    Test worker] .b.t.c.SpringBootTestContextBootstrapper : Using TestExecutionListeners: [org.springframework.test.context.web.ServletTestExecutionListener@72adb51d, org.springframework.test.context.support.DirtiesContextBeforeModesTestExecutionListener@479a3e29, org.springframework.boot.test.mock.mockito.MockitoTestExecutionListener@6d0c99d, org.springframework.boot.test.autoconfigure.SpringBootDependencyInjectionTestExecutionListener@6024f7cf, org.springframework.test.context.support.DirtiesContextTestExecutionListener@7fbeb38b, org.springframework.test.context.transaction.TransactionalTestExecutionListener@69c3a123, org.springframework.test.context.jdbc.SqlScriptsTestExecutionListener@695f11a7, org.springframework.security.test.context.support.WithSecurityContextTestExecutionListener@2e0209cc, org.springframework.security.test.context.support.ReactorContextTestExecutionListener@24aad56c, org.springframework.boot.test.autoconfigure.restdocs.RestDocsTestExecutionListener@5014a263, org.springframework.boot.test.autoconfigure.web.client.MockRestServiceServerResetTestExecutionListener@415753ef, org.springframework.boot.test.autoconfigure.web.servlet.MockMvcPrintOnlyOnFailureTestExecutionListener@7fa56e60, org.springframework.boot.test.autoconfigure.web.servlet.WebDriverTestExecutionListener@dd6d54d, org.springframework.boot.test.mock.mockito.ResetMocksTestExecutionListener@7824692e]
Hibernate: insert into posts (created_date, modified_date, author, content, title) values (?, ?, ?, ?, ?)
Hibernate: select posts0_.id as id1_0_, posts0_.created_date as created_2_0_, posts0_.modified_date as modified3_0_, posts0_.author as author4_0_, posts0_.content as content5_0_, posts0_.title as title6_0_ from posts posts0_
Hibernate: select posts0_.id as id1_0_, posts0_.created_date as created_2_0_, posts0_.modified_date as modified3_0_, posts0_.author as author4_0_, posts0_.content as content5_0_, posts0_.title as title6_0_ from posts posts0_
Hibernate: delete from posts where id=?
Hibernate: insert into posts (created_date, modified_date, author, content, title) values (?, ?, ?, ?, ?)
Hibernate: select posts0_.id as id1_0_, posts0_.created_date as created_2_0_, posts0_.modified_date as modified3_0_, posts0_.author as author4_0_, posts0_.content as content5_0_, posts0_.title as title6_0_ from posts posts0_
>>>>>>>>> createDate=2020-07-23T15:26:19.975, modifiedDate=2020-07-23T15:26:19.975
Hibernate: select posts0_.id as id1_0_, posts0_.created_date as created_2_0_, posts0_.modified_date as modified3_0_, posts0_.author as author4_0_, posts0_.content as content5_0_, posts0_.title as title6_0_ from posts posts0_
Hibernate: delete from posts where id=?
]]></system-out>
  <system-err><![CDATA[]]></system-err>
</testsuite>
