<?xml version="1.0" encoding="UTF-8"?>
<testsuite name="com.example.demo.web.IndexControllerTest" tests="1" skipped="0" failures="0" errors="0" timestamp="2020-07-23T06:26:21" hostname="DESKTOP-IMSH2M8" time="0.096">
  <properties/>
  <testcase name="메인페이지_로딩" classname="com.example.demo.web.IndexControllerTest" time="0.096"/>
  <system-out><![CDATA[2020-07-23 15:26:19.989  INFO 13532 --- [    Test worker] .b.t.c.SpringBootTestContextBootstrapper : Neither @ContextConfiguration nor @ContextHierarchy found for test class [com.example.demo.web.IndexControllerTest], using SpringBootContextLoader
2020-07-23 15:26:19.990  INFO 13532 --- [    Test worker] o.s.t.c.support.AbstractContextLoader    : Could not detect default resource locations for test class [com.example.demo.web.IndexControllerTest]: no resource found for suffixes {-context.xml, Context.groovy}.
2020-07-23 15:26:19.990  INFO 13532 --- [    Test worker] t.c.s.AnnotationConfigContextLoaderUtils : Could not detect default configuration classes for test class [com.example.demo.web.IndexControllerTest]: IndexControllerTest does not declare any static, non-private, non-final, nested classes annotated with @Configuration.
2020-07-23 15:26:19.991  INFO 13532 --- [    Test worker] .b.t.c.SpringBootTestContextBootstrapper : Found @SpringBootConfiguration com.example.demo.DemoApplication for test class com.example.demo.web.IndexControllerTest
2020-07-23 15:26:19.992  INFO 13532 --- [    Test worker] .b.t.c.SpringBootTestContextBootstrapper : Loaded default TestExecutionListener class names from location [META-INF/spring.factories]: [org.springframework.security.test.context.support.WithSecurityContextTestExecutionListener, org.springframework.security.test.context.support.ReactorContextTestExecutionListener, org.springframework.boot.test.autoconfigure.restdocs.RestDocsTestExecutionListener, org.springframework.boot.test.autoconfigure.web.client.MockRestServiceServerResetTestExecutionListener, org.springframework.boot.test.autoconfigure.web.servlet.MockMvcPrintOnlyOnFailureTestExecutionListener, org.springframework.boot.test.autoconfigure.web.servlet.WebDriverTestExecutionListener, org.springframework.boot.test.mock.mockito.MockitoTestExecutionListener, org.springframework.boot.test.mock.mockito.ResetMocksTestExecutionListener, org.springframework.test.context.web.ServletTestExecutionListener, org.springframework.test.context.support.DirtiesContextBeforeModesTestExecutionListener, org.springframework.test.context.support.DependencyInjectionTestExecutionListener, org.springframework.test.context.support.DirtiesContextTestExecutionListener, org.springframework.test.context.transaction.TransactionalTestExecutionListener, org.springframework.test.context.jdbc.SqlScriptsTestExecutionListener]
2020-07-23 15:26:19.993  INFO 13532 --- [    Test worker] .b.t.c.SpringBootTestContextBootstrapper : Using TestExecutionListeners: [org.springframework.test.context.web.ServletTestExecutionListener@125bd0cc, org.springframework.test.context.support.DirtiesContextBeforeModesTestExecutionListener@1e47d63, org.springframework.boot.test.mock.mockito.MockitoTestExecutionListener@42b995dd, org.springframework.boot.test.autoconfigure.SpringBootDependencyInjectionTestExecutionListener@2cfdd97e, org.springframework.test.context.support.DirtiesContextTestExecutionListener@60ecb19d, org.springframework.test.context.transaction.TransactionalTestExecutionListener@42c1c786, org.springframework.test.context.jdbc.SqlScriptsTestExecutionListener@4cd8b57e, org.springframework.security.test.context.support.WithSecurityContextTestExecutionListener@e2cb3b2, org.springframework.security.test.context.support.ReactorContextTestExecutionListener@bc98bb3, org.springframework.boot.test.autoconfigure.restdocs.RestDocsTestExecutionListener@47f890bb, org.springframework.boot.test.autoconfigure.web.client.MockRestServiceServerResetTestExecutionListener@4e82ae7f, org.springframework.boot.test.autoconfigure.web.servlet.MockMvcPrintOnlyOnFailureTestExecutionListener@2558353e, org.springframework.boot.test.autoconfigure.web.servlet.WebDriverTestExecutionListener@620bb635, org.springframework.boot.test.mock.mockito.ResetMocksTestExecutionListener@61f59f87]

  .   ____          _            __ _ _
 /\\ / ___'_ __ _ _(_)_ __  __ _ \ \ \ \
( ( )\___ | '_ | '_| | '_ \/ _` | \ \ \ \
 \\/  ___)| |_)| | | | | || (_| |  ) ) ) )
  '  |____| .__|_| |_|_| |_\__, | / / / /
 =========|_|==============|___/=/_/_/_/
 :: Spring Boot ::        (v2.1.7.RELEASE)

2020-07-23 15:26:20.018  INFO 13532 --- [    Test worker] c.example.demo.web.IndexControllerTest   : Starting IndexControllerTest on DESKTOP-IMSH2M8 with PID 13532 (started by SUY in D:\DEV\eclipse-workspace\demo)
2020-07-23 15:26:20.019  INFO 13532 --- [    Test worker] c.example.demo.web.IndexControllerTest   : No active profile set, falling back to default profiles: default
2020-07-23 15:26:20.156  INFO 13532 --- [    Test worker] .s.d.r.c.RepositoryConfigurationDelegate : Bootstrapping Spring Data repositories in DEFAULT mode.
2020-07-23 15:26:20.166  INFO 13532 --- [    Test worker] .s.d.r.c.RepositoryConfigurationDelegate : Finished Spring Data repository scanning in 10ms. Found 2 repository interfaces.
2020-07-23 15:26:20.229  INFO 13532 --- [    Test worker] trationDelegate$BeanPostProcessorChecker : Bean 'org.springframework.transaction.annotation.ProxyTransactionManagementConfiguration' of type [org.springframework.transaction.annotation.ProxyTransactionManagementConfiguration$$EnhancerBySpringCGLIB$$8bd52573] is not eligible for getting processed by all BeanPostProcessors (for example: not eligible for auto-proxying)
2020-07-23 15:26:20.410  INFO 13532 --- [    Test worker] o.s.b.w.embedded.tomcat.TomcatWebServer  : Tomcat initialized with port(s): 0 (http)
2020-07-23 15:26:20.431  INFO 13532 --- [    Test worker] o.apache.catalina.core.StandardService   : Starting service [Tomcat]
2020-07-23 15:26:20.432  INFO 13532 --- [    Test worker] org.apache.catalina.core.StandardEngine  : Starting Servlet engine: [Apache Tomcat/9.0.22]
2020-07-23 15:26:20.529  INFO 13532 --- [    Test worker] o.a.c.c.C.[Tomcat].[localhost].[/]       : Initializing Spring embedded WebApplicationContext
2020-07-23 15:26:20.529  INFO 13532 --- [    Test worker] o.s.web.context.ContextLoader            : Root WebApplicationContext: initialization completed in 508 ms
2020-07-23 15:26:20.618  INFO 13532 --- [    Test worker] com.zaxxer.hikari.HikariDataSource       : HikariPool-2 - Starting...
2020-07-23 15:26:20.619  INFO 13532 --- [    Test worker] com.zaxxer.hikari.HikariDataSource       : HikariPool-2 - Start completed.
2020-07-23 15:26:20.634  INFO 13532 --- [    Test worker] o.hibernate.jpa.internal.util.LogHelper  : HHH000204: Processing PersistenceUnitInfo [
	name: default
	...]
2020-07-23 15:26:20.639  INFO 13532 --- [    Test worker] org.hibernate.dialect.Dialect            : HHH000400: Using dialect: org.hibernate.dialect.MySQL5InnoDBDialect
Hibernate: drop table if exists posts
Hibernate: drop table if exists user
Hibernate: create table posts (id bigint not null auto_increment, created_date datetime, modified_date datetime, author varchar(255), content TEXT not null, title varchar(500) not null, primary key (id)) engine=InnoDB
Hibernate: create table user (id bigint not null auto_increment, created_date datetime, modified_date datetime, email varchar(255) not null, name varchar(255) not null, picture varchar(255), role varchar(255) not null, primary key (id)) engine=InnoDB
2020-07-23 15:26:20.669  INFO 13532 --- [    Test worker] o.h.t.schema.internal.SchemaCreatorImpl  : HHH000476: Executing import script 'org.hibernate.tool.schema.internal.exec.ScriptSourceInputNonExistentImpl@2b321ad5'
2020-07-23 15:26:20.669  INFO 13532 --- [    Test worker] j.LocalContainerEntityManagerFactoryBean : Initialized JPA EntityManagerFactory for persistence unit 'default'
2020-07-23 15:26:20.832  INFO 13532 --- [    Test worker] o.h.h.i.QueryTranslatorFactoryInitiator  : HHH000397: Using ASTQueryTranslatorFactory
2020-07-23 15:26:20.905  INFO 13532 --- [    Test worker] o.s.s.web.DefaultSecurityFilterChain     : Creating filter chain: any request, [org.springframework.security.web.context.request.async.WebAsyncManagerIntegrationFilter@438fca96, org.springframework.security.web.context.SecurityContextPersistenceFilter@5faf844c, org.springframework.security.web.header.HeaderWriterFilter@57937031, org.springframework.security.web.authentication.logout.LogoutFilter@6134b37e, org.springframework.security.oauth2.client.web.OAuth2AuthorizationRequestRedirectFilter@6426b5d3, org.springframework.security.oauth2.client.web.OAuth2LoginAuthenticationFilter@5f0fae14, org.springframework.security.web.authentication.ui.DefaultLoginPageGeneratingFilter@429ad285, org.springframework.security.web.authentication.ui.DefaultLogoutPageGeneratingFilter@7a19fbff, org.springframework.security.web.savedrequest.RequestCacheAwareFilter@64ae3c84, org.springframework.security.web.servletapi.SecurityContextHolderAwareRequestFilter@28f0dad8, org.springframework.security.web.authentication.AnonymousAuthenticationFilter@2b405142, org.springframework.security.web.session.SessionManagementFilter@39ea7d4e, org.springframework.security.web.access.ExceptionTranslationFilter@27729b4, org.springframework.security.web.access.intercept.FilterSecurityInterceptor@669be68e]
2020-07-23 15:26:20.994  INFO 13532 --- [    Test worker] o.s.s.concurrent.ThreadPoolTaskExecutor  : Initializing ExecutorService 'applicationTaskExecutor'
2020-07-23 15:26:21.001  WARN 13532 --- [    Test worker] aWebConfiguration$JpaWebMvcConfiguration : spring.jpa.open-in-view is enabled by default. Therefore, database queries may be performed during view rendering. Explicitly configure spring.jpa.open-in-view to disable this warning
2020-07-23 15:26:21.014  INFO 13532 --- [    Test worker] o.s.b.a.w.s.WelcomePageHandlerMapping    : Adding welcome page template: index
2020-07-23 15:26:21.159  INFO 13532 --- [    Test worker] s.a.ScheduledAnnotationBeanPostProcessor : No TaskScheduler/ScheduledExecutorService bean found for scheduled processing
2020-07-23 15:26:21.170  INFO 13532 --- [    Test worker] o.s.b.w.embedded.tomcat.TomcatWebServer  : Tomcat started on port(s): 57281 (http) with context path ''
2020-07-23 15:26:21.170  INFO 13532 --- [    Test worker] c.example.demo.web.IndexControllerTest   : Started IndexControllerTest in 1.175 seconds (JVM running for 6.256)
2020-07-23 15:26:21.219  INFO 13532 --- [o-auto-1-exec-1] o.a.c.c.C.[Tomcat].[localhost].[/]       : Initializing Spring DispatcherServlet 'dispatcherServlet'
2020-07-23 15:26:21.219  INFO 13532 --- [o-auto-1-exec-1] o.s.web.servlet.DispatcherServlet        : Initializing Servlet 'dispatcherServlet'
2020-07-23 15:26:21.228  INFO 13532 --- [o-auto-1-exec-1] o.s.web.servlet.DispatcherServlet        : Completed initialization in 9 ms
Hibernate: select posts0_.id as id1_0_, posts0_.created_date as created_2_0_, posts0_.modified_date as modified3_0_, posts0_.author as author4_0_, posts0_.content as content5_0_, posts0_.title as title6_0_ from posts posts0_ order by posts0_.id desc
]]></system-out>
  <system-err><![CDATA[]]></system-err>
</testsuite>
