<?xml version="1.0" encoding="UTF-8"?>
<testsuite name="com.example.demo.web.HelloControllerTest" tests="2" skipped="0" failures="0" errors="0" timestamp="2020-07-26T06:18:08" hostname="DESKTOP-IMSH2M8" time="0.124">
  <properties/>
  <testcase name="hello가_리턴된다" classname="com.example.demo.web.HelloControllerTest" time="0.076"/>
  <testcase name="helloDto가_리턴된다" classname="com.example.demo.web.HelloControllerTest" time="0.048"/>
  <system-out><![CDATA[2020-07-26 15:18:08.241  INFO 20336 --- [    Test worker] .b.t.a.w.s.WebMvcTestContextBootstrapper : Neither @ContextConfiguration nor @ContextHierarchy found for test class [com.example.demo.web.HelloControllerTest], using SpringBootContextLoader
2020-07-26 15:18:08.242  INFO 20336 --- [    Test worker] o.s.t.c.support.AbstractContextLoader    : Could not detect default resource locations for test class [com.example.demo.web.HelloControllerTest]: no resource found for suffixes {-context.xml, Context.groovy}.
2020-07-26 15:18:08.242  INFO 20336 --- [    Test worker] t.c.s.AnnotationConfigContextLoaderUtils : Could not detect default configuration classes for test class [com.example.demo.web.HelloControllerTest]: HelloControllerTest does not declare any static, non-private, non-final, nested classes annotated with @Configuration.
2020-07-26 15:18:08.254  INFO 20336 --- [    Test worker] .b.t.c.SpringBootTestContextBootstrapper : Found @SpringBootConfiguration com.example.demo.DemoApplication for test class com.example.demo.web.HelloControllerTest
2020-07-26 15:18:08.255  INFO 20336 --- [    Test worker] .b.t.a.w.s.WebMvcTestContextBootstrapper : Loaded default TestExecutionListener class names from location [META-INF/spring.factories]: [org.springframework.security.test.context.support.WithSecurityContextTestExecutionListener, org.springframework.security.test.context.support.ReactorContextTestExecutionListener, org.springframework.boot.test.autoconfigure.restdocs.RestDocsTestExecutionListener, org.springframework.boot.test.autoconfigure.web.client.MockRestServiceServerResetTestExecutionListener, org.springframework.boot.test.autoconfigure.web.servlet.MockMvcPrintOnlyOnFailureTestExecutionListener, org.springframework.boot.test.autoconfigure.web.servlet.WebDriverTestExecutionListener, org.springframework.boot.test.mock.mockito.MockitoTestExecutionListener, org.springframework.boot.test.mock.mockito.ResetMocksTestExecutionListener, org.springframework.test.context.web.ServletTestExecutionListener, org.springframework.test.context.support.DirtiesContextBeforeModesTestExecutionListener, org.springframework.test.context.support.DependencyInjectionTestExecutionListener, org.springframework.test.context.support.DirtiesContextTestExecutionListener, org.springframework.test.context.transaction.TransactionalTestExecutionListener, org.springframework.test.context.jdbc.SqlScriptsTestExecutionListener]
2020-07-26 15:18:08.255  INFO 20336 --- [    Test worker] .b.t.a.w.s.WebMvcTestContextBootstrapper : Using TestExecutionListeners: [org.springframework.test.context.web.ServletTestExecutionListener@304f70eb, org.springframework.test.context.support.DirtiesContextBeforeModesTestExecutionListener@a2253d2, org.springframework.boot.test.mock.mockito.MockitoTestExecutionListener@5b86bafb, org.springframework.boot.test.autoconfigure.SpringBootDependencyInjectionTestExecutionListener@1b112ac6, org.springframework.test.context.support.DirtiesContextTestExecutionListener@5012c967, org.springframework.test.context.transaction.TransactionalTestExecutionListener@48b6ac74, org.springframework.test.context.jdbc.SqlScriptsTestExecutionListener@268986fb, org.springframework.security.test.context.support.WithSecurityContextTestExecutionListener@345ccff6, org.springframework.security.test.context.support.ReactorContextTestExecutionListener@724361eb, org.springframework.boot.test.autoconfigure.restdocs.RestDocsTestExecutionListener@febb6db, org.springframework.boot.test.autoconfigure.web.client.MockRestServiceServerResetTestExecutionListener@65bf5783, org.springframework.boot.test.autoconfigure.web.servlet.MockMvcPrintOnlyOnFailureTestExecutionListener@374e17bd, org.springframework.boot.test.autoconfigure.web.servlet.WebDriverTestExecutionListener@5e6b6486, org.springframework.boot.test.mock.mockito.ResetMocksTestExecutionListener@c645cfe]

  .   ____          _            __ _ _
 /\\ / ___'_ __ _ _(_)_ __  __ _ \ \ \ \
( ( )\___ | '_ | '_| | '_ \/ _` | \ \ \ \
 \\/  ___)| |_)| | | | | || (_| |  ) ) ) )
  '  |____| .__|_| |_|_| |_\__, | / / / /
 =========|_|==============|___/=/_/_/_/
 :: Spring Boot ::        (v2.1.7.RELEASE)

2020-07-26 15:18:08.270  INFO 20336 --- [    Test worker] c.example.demo.web.HelloControllerTest   : Starting HelloControllerTest on DESKTOP-IMSH2M8 with PID 20336 (started by SUY in D:\DEV\eclipse-workspace\demo)
2020-07-26 15:18:08.271  INFO 20336 --- [    Test worker] c.example.demo.web.HelloControllerTest   : No active profile set, falling back to default profiles: default
2020-07-26 15:18:08.532  INFO 20336 --- [    Test worker] o.s.s.concurrent.ThreadPoolTaskExecutor  : Initializing ExecutorService 'applicationTaskExecutor'
2020-07-26 15:18:08.552  INFO 20336 --- [    Test worker] o.s.b.a.w.s.WelcomePageHandlerMapping    : Adding welcome page template: index
2020-07-26 15:18:08.692  INFO 20336 --- [    Test worker] .s.s.UserDetailsServiceAutoConfiguration : 

Using generated security password: 5e671adf-11e4-4570-a81d-9fb59a0ffc66

2020-07-26 15:18:08.777  INFO 20336 --- [    Test worker] o.s.s.web.DefaultSecurityFilterChain     : Creating filter chain: any request, [org.springframework.security.web.context.request.async.WebAsyncManagerIntegrationFilter@57718770, org.springframework.security.web.context.SecurityContextPersistenceFilter@6657dd0b, org.springframework.security.web.header.HeaderWriterFilter@64978f43, org.springframework.security.web.csrf.CsrfFilter@43db5189, org.springframework.security.web.authentication.logout.LogoutFilter@3787796f, org.springframework.security.web.authentication.UsernamePasswordAuthenticationFilter@10bc28bf, org.springframework.security.web.authentication.ui.DefaultLoginPageGeneratingFilter@1c87ac66, org.springframework.security.web.authentication.ui.DefaultLogoutPageGeneratingFilter@3242786c, org.springframework.security.web.authentication.www.BasicAuthenticationFilter@750402bf, org.springframework.security.web.savedrequest.RequestCacheAwareFilter@77323b30, org.springframework.security.web.servletapi.SecurityContextHolderAwareRequestFilter@2f874f02, org.springframework.security.web.authentication.AnonymousAuthenticationFilter@67869561, org.springframework.security.web.session.SessionManagementFilter@7dd9dd41, org.springframework.security.web.access.ExceptionTranslationFilter@e43f6ff, org.springframework.security.web.access.intercept.FilterSecurityInterceptor@16c3fc3d]
2020-07-26 15:18:08.799  INFO 20336 --- [    Test worker] o.s.b.t.m.w.SpringBootMockServletContext : Initializing Spring TestDispatcherServlet ''
2020-07-26 15:18:08.799  INFO 20336 --- [    Test worker] o.s.t.web.servlet.TestDispatcherServlet  : Initializing Servlet ''
2020-07-26 15:18:08.806  INFO 20336 --- [    Test worker] o.s.t.web.servlet.TestDispatcherServlet  : Completed initialization in 7 ms
2020-07-26 15:18:08.821  INFO 20336 --- [    Test worker] c.example.demo.web.HelloControllerTest   : Started HelloControllerTest in 0.565 seconds (JVM running for 5.592)
]]></system-out>
  <system-err><![CDATA[]]></system-err>
</testsuite>
