<?xml version="1.0" encoding="UTF-8"?>
<testsuite name="com.example.demo.domain.posts.PostsRepositoryTest" tests="2" skipped="0" failures="0" errors="0" timestamp="2020-07-26T06:18:08" hostname="DESKTOP-IMSH2M8" time="0.134">
  <properties/>
  <testcase name="게시글저장_불러오기" classname="com.example.demo.domain.posts.PostsRepositoryTest" time="0.127"/>
  <testcase name="BaseTimeEntity_등록" classname="com.example.demo.domain.posts.PostsRepositoryTest" time="0.006"/>
  <system-out><![CDATA[2020-07-26 15:18:08.091  INFO 20336 --- [    Test worker] .b.t.c.SpringBootTestContextBootstrapper : Neither @ContextConfiguration nor @ContextHierarchy found for test class [com.example.demo.domain.posts.PostsRepositoryTest], using SpringBootContextLoader
2020-07-26 15:18:08.092  INFO 20336 --- [    Test worker] o.s.t.c.support.AbstractContextLoader    : Could not detect default resource locations for test class [com.example.demo.domain.posts.PostsRepositoryTest]: no resource found for suffixes {-context.xml, Context.groovy}.
2020-07-26 15:18:08.092  INFO 20336 --- [    Test worker] t.c.s.AnnotationConfigContextLoaderUtils : Could not detect default configuration classes for test class [com.example.demo.domain.posts.PostsRepositoryTest]: PostsRepositoryTest does not declare any static, non-private, non-final, nested classes annotated with @Configuration.
2020-07-26 15:18:08.095  INFO 20336 --- [    Test worker] .b.t.c.SpringBootTestContextBootstrapper : Found @SpringBootConfiguration com.example.demo.DemoApplication for test class com.example.demo.domain.posts.PostsRepositoryTest
2020-07-26 15:18:08.096  INFO 20336 --- [    Test worker] .b.t.c.SpringBootTestContextBootstrapper : Loaded default TestExecutionListener class names from location [META-INF/spring.factories]: [org.springframework.security.test.context.support.WithSecurityContextTestExecutionListener, org.springframework.security.test.context.support.ReactorContextTestExecutionListener, org.springframework.boot.test.autoconfigure.restdocs.RestDocsTestExecutionListener, org.springframework.boot.test.autoconfigure.web.client.MockRestServiceServerResetTestExecutionListener, org.springframework.boot.test.autoconfigure.web.servlet.MockMvcPrintOnlyOnFailureTestExecutionListener, org.springframework.boot.test.autoconfigure.web.servlet.WebDriverTestExecutionListener, org.springframework.boot.test.mock.mockito.MockitoTestExecutionListener, org.springframework.boot.test.mock.mockito.ResetMocksTestExecutionListener, org.springframework.test.context.web.ServletTestExecutionListener, org.springframework.test.context.support.DirtiesContextBeforeModesTestExecutionListener, org.springframework.test.context.support.DependencyInjectionTestExecutionListener, org.springframework.test.context.support.DirtiesContextTestExecutionListener, org.springframework.test.context.transaction.TransactionalTestExecutionListener, org.springframework.test.context.jdbc.SqlScriptsTestExecutionListener]
2020-07-26 15:18:08.097  INFO 20336 --- [    Test worker] .b.t.c.SpringBootTestContextBootstrapper : Using TestExecutionListeners: [org.springframework.test.context.web.ServletTestExecutionListener@6b8485a, org.springframework.test.context.support.DirtiesContextBeforeModesTestExecutionListener@61741169, org.springframework.boot.test.mock.mockito.MockitoTestExecutionListener@6617cfca, org.springframework.boot.test.autoconfigure.SpringBootDependencyInjectionTestExecutionListener@243df150, org.springframework.test.context.support.DirtiesContextTestExecutionListener@60839715, org.springframework.test.context.transaction.TransactionalTestExecutionListener@213d3d35, org.springframework.test.context.jdbc.SqlScriptsTestExecutionListener@798ccf47, org.springframework.security.test.context.support.WithSecurityContextTestExecutionListener@32f01657, org.springframework.security.test.context.support.ReactorContextTestExecutionListener@4eb71423, org.springframework.boot.test.autoconfigure.restdocs.RestDocsTestExecutionListener@6ab5c55, org.springframework.boot.test.autoconfigure.web.client.MockRestServiceServerResetTestExecutionListener@19c24d30, org.springframework.boot.test.autoconfigure.web.servlet.MockMvcPrintOnlyOnFailureTestExecutionListener@2b32a2f1, org.springframework.boot.test.autoconfigure.web.servlet.WebDriverTestExecutionListener@5dd2adb8, org.springframework.boot.test.mock.mockito.ResetMocksTestExecutionListener@1471ba3]
Hibernate: insert into posts (created_date, modified_date, author, content, title) values (?, ?, ?, ?, ?)
Hibernate: select posts0_.id as id1_0_, posts0_.created_date as created_2_0_, posts0_.modified_date as modified3_0_, posts0_.author as author4_0_, posts0_.content as content5_0_, posts0_.title as title6_0_ from posts posts0_
Hibernate: select posts0_.id as id1_0_, posts0_.created_date as created_2_0_, posts0_.modified_date as modified3_0_, posts0_.author as author4_0_, posts0_.content as content5_0_, posts0_.title as title6_0_ from posts posts0_
Hibernate: delete from posts where id=?
Hibernate: insert into posts (created_date, modified_date, author, content, title) values (?, ?, ?, ?, ?)
Hibernate: select posts0_.id as id1_0_, posts0_.created_date as created_2_0_, posts0_.modified_date as modified3_0_, posts0_.author as author4_0_, posts0_.content as content5_0_, posts0_.title as title6_0_ from posts posts0_
>>>>>>>>> createDate=2020-07-26T15:18:08.228, modifiedDate=2020-07-26T15:18:08.228
Hibernate: select posts0_.id as id1_0_, posts0_.created_date as created_2_0_, posts0_.modified_date as modified3_0_, posts0_.author as author4_0_, posts0_.content as content5_0_, posts0_.title as title6_0_ from posts posts0_
Hibernate: delete from posts where id=?
]]></system-out>
  <system-err><![CDATA[]]></system-err>
</testsuite>
