<?xml version="1.0" encoding="UTF-8"?>
<testsuite name="com.example.demo.web.HelloControllerTest" tests="2" skipped="0" failures="0" errors="0" timestamp="2020-07-23T06:26:16" hostname="DESKTOP-IMSH2M8" time="0.184">
  <properties/>
  <testcase name="hello가_리턴된다" classname="com.example.demo.web.HelloControllerTest" time="0.136"/>
  <testcase name="helloDto가_리턴된다" classname="com.example.demo.web.HelloControllerTest" time="0.048"/>
  <system-out><![CDATA[15:26:15.317 [Test worker] DEBUG org.springframework.test.context.junit4.SpringJUnit4ClassRunner - SpringJUnit4ClassRunner constructor called with [class com.example.demo.web.HelloControllerTest]
15:26:15.323 [Test worker] DEBUG org.springframework.test.context.BootstrapUtils - Instantiating CacheAwareContextLoaderDelegate from class [org.springframework.test.context.cache.DefaultCacheAwareContextLoaderDelegate]
15:26:15.328 [Test worker] DEBUG org.springframework.test.context.BootstrapUtils - Instantiating BootstrapContext using constructor [public org.springframework.test.context.support.DefaultBootstrapContext(java.lang.Class,org.springframework.test.context.CacheAwareContextLoaderDelegate)]
15:26:15.341 [Test worker] DEBUG org.springframework.test.context.BootstrapUtils - Instantiating TestContextBootstrapper for test class [com.example.demo.web.HelloControllerTest] from class [org.springframework.boot.test.autoconfigure.web.servlet.WebMvcTestContextBootstrapper]
15:26:15.352 [Test worker] INFO org.springframework.boot.test.autoconfigure.web.servlet.WebMvcTestContextBootstrapper - Neither @ContextConfiguration nor @ContextHierarchy found for test class [com.example.demo.web.HelloControllerTest], using SpringBootContextLoader
15:26:15.354 [Test worker] DEBUG org.springframework.test.context.support.AbstractContextLoader - Did not detect default resource location for test class [com.example.demo.web.HelloControllerTest]: class path resource [com/example/demo/web/HelloControllerTest-context.xml] does not exist
15:26:15.355 [Test worker] DEBUG org.springframework.test.context.support.AbstractContextLoader - Did not detect default resource location for test class [com.example.demo.web.HelloControllerTest]: class path resource [com/example/demo/web/HelloControllerTestContext.groovy] does not exist
15:26:15.355 [Test worker] INFO org.springframework.test.context.support.AbstractContextLoader - Could not detect default resource locations for test class [com.example.demo.web.HelloControllerTest]: no resource found for suffixes {-context.xml, Context.groovy}.
15:26:15.355 [Test worker] INFO org.springframework.test.context.support.AnnotationConfigContextLoaderUtils - Could not detect default configuration classes for test class [com.example.demo.web.HelloControllerTest]: HelloControllerTest does not declare any static, non-private, non-final, nested classes annotated with @Configuration.
15:26:15.395 [Test worker] DEBUG org.springframework.test.context.support.ActiveProfilesUtils - Could not find an 'annotation declaring class' for annotation type [org.springframework.test.context.ActiveProfiles] and class [com.example.demo.web.HelloControllerTest]
15:26:15.440 [Test worker] DEBUG org.springframework.context.annotation.ClassPathScanningCandidateComponentProvider - Identified candidate component class: file [D:\DEV\eclipse-workspace\demo\build\classes\java\main\com\example\demo\DemoApplication.class]
15:26:15.440 [Test worker] INFO org.springframework.boot.test.context.SpringBootTestContextBootstrapper - Found @SpringBootConfiguration com.example.demo.DemoApplication for test class com.example.demo.web.HelloControllerTest
15:26:15.441 [Test worker] DEBUG org.springframework.boot.test.autoconfigure.web.servlet.WebMvcTestContextBootstrapper - @TestExecutionListeners is not present for class [com.example.demo.web.HelloControllerTest]: using defaults.
15:26:15.442 [Test worker] INFO org.springframework.boot.test.autoconfigure.web.servlet.WebMvcTestContextBootstrapper - Loaded default TestExecutionListener class names from location [META-INF/spring.factories]: [org.springframework.security.test.context.support.WithSecurityContextTestExecutionListener, org.springframework.security.test.context.support.ReactorContextTestExecutionListener, org.springframework.boot.test.autoconfigure.restdocs.RestDocsTestExecutionListener, org.springframework.boot.test.autoconfigure.web.client.MockRestServiceServerResetTestExecutionListener, org.springframework.boot.test.autoconfigure.web.servlet.MockMvcPrintOnlyOnFailureTestExecutionListener, org.springframework.boot.test.autoconfigure.web.servlet.WebDriverTestExecutionListener, org.springframework.boot.test.mock.mockito.MockitoTestExecutionListener, org.springframework.boot.test.mock.mockito.ResetMocksTestExecutionListener, org.springframework.test.context.web.ServletTestExecutionListener, org.springframework.test.context.support.DirtiesContextBeforeModesTestExecutionListener, org.springframework.test.context.support.DependencyInjectionTestExecutionListener, org.springframework.test.context.support.DirtiesContextTestExecutionListener, org.springframework.test.context.transaction.TransactionalTestExecutionListener, org.springframework.test.context.jdbc.SqlScriptsTestExecutionListener]
15:26:15.455 [Test worker] INFO org.springframework.boot.test.autoconfigure.web.servlet.WebMvcTestContextBootstrapper - Using TestExecutionListeners: [org.springframework.test.context.web.ServletTestExecutionListener@75be3e13, org.springframework.test.context.support.DirtiesContextBeforeModesTestExecutionListener@642579b8, org.springframework.boot.test.mock.mockito.MockitoTestExecutionListener@33251495, org.springframework.boot.test.autoconfigure.SpringBootDependencyInjectionTestExecutionListener@5e8565d4, org.springframework.test.context.support.DirtiesContextTestExecutionListener@5a4f96b1, org.springframework.test.context.transaction.TransactionalTestExecutionListener@15e8ccf9, org.springframework.test.context.jdbc.SqlScriptsTestExecutionListener@ef2f36d, org.springframework.security.test.context.support.WithSecurityContextTestExecutionListener@7bac8ca2, org.springframework.security.test.context.support.ReactorContextTestExecutionListener@5d706778, org.springframework.boot.test.autoconfigure.restdocs.RestDocsTestExecutionListener@eace72b, org.springframework.boot.test.autoconfigure.web.client.MockRestServiceServerResetTestExecutionListener@17dc1408, org.springframework.boot.test.autoconfigure.web.servlet.MockMvcPrintOnlyOnFailureTestExecutionListener@80a43cd, org.springframework.boot.test.autoconfigure.web.servlet.WebDriverTestExecutionListener@569fae13, org.springframework.boot.test.mock.mockito.ResetMocksTestExecutionListener@3f639e54]
15:26:15.457 [Test worker] DEBUG org.springframework.test.annotation.ProfileValueUtils - Retrieved @ProfileValueSourceConfiguration [null] for test class [com.example.demo.web.HelloControllerTest]
15:26:15.457 [Test worker] DEBUG org.springframework.test.annotation.ProfileValueUtils - Retrieved ProfileValueSource type [class org.springframework.test.annotation.SystemProfileValueSource] for class [com.example.demo.web.HelloControllerTest]
15:26:15.458 [Test worker] DEBUG org.springframework.test.annotation.ProfileValueUtils - Retrieved @ProfileValueSourceConfiguration [null] for test class [com.example.demo.web.HelloControllerTest]
15:26:15.458 [Test worker] DEBUG org.springframework.test.annotation.ProfileValueUtils - Retrieved ProfileValueSource type [class org.springframework.test.annotation.SystemProfileValueSource] for class [com.example.demo.web.HelloControllerTest]
15:26:15.461 [Test worker] DEBUG org.springframework.test.context.support.AbstractDirtiesContextTestExecutionListener - Before test class: context [DefaultTestContext@72c811aa testClass = HelloControllerTest, testInstance = [null], testMethod = [null], testException = [null], mergedContextConfiguration = [WebMergedContextConfiguration@4a60e5c testClass = HelloControllerTest, locations = '{}', classes = '{class com.example.demo.DemoApplication}', contextInitializerClasses = '[]', activeProfiles = '{}', propertySourceLocations = '{}', propertySourceProperties = '{org.springframework.boot.test.autoconfigure.web.servlet.WebMvcTestContextBootstrapper=true}', contextCustomizers = set[org.springframework.boot.test.autoconfigure.OverrideAutoConfigurationContextCustomizerFactory$DisableAutoConfigurationContextCustomizer@3939a48f, org.springframework.boot.test.autoconfigure.filter.TypeExcludeFiltersContextCustomizer@67e6fb0c, org.springframework.boot.test.autoconfigure.properties.PropertyMappingContextCustomizer@dd4b34e, org.springframework.boot.test.autoconfigure.web.servlet.WebDriverContextCustomizerFactory$Customizer@46e71547, [ImportsContextCustomizer@1d2be473 key = [org.springframework.boot.autoconfigure.cache.CacheAutoConfiguration, org.springframework.boot.autoconfigure.context.MessageSourceAutoConfiguration, org.springframework.boot.autoconfigure.data.web.SpringDataWebAutoConfiguration, org.springframework.boot.autoconfigure.freemarker.FreeMarkerAutoConfiguration, org.springframework.boot.autoconfigure.groovy.template.GroovyTemplateAutoConfiguration, org.springframework.boot.autoconfigure.gson.GsonAutoConfiguration, org.springframework.boot.autoconfigure.hateoas.HypermediaAutoConfiguration, org.springframework.boot.autoconfigure.http.HttpMessageConvertersAutoConfiguration, org.springframework.boot.autoconfigure.jackson.JacksonAutoConfiguration, org.springframework.boot.autoconfigure.jsonb.JsonbAutoConfiguration, org.springframework.boot.autoconfigure.mustache.MustacheAutoConfiguration, org.springframework.boot.autoconfigure.task.TaskExecutionAutoConfiguration, org.springframework.boot.autoconfigure.thymeleaf.ThymeleafAutoConfiguration, org.springframework.boot.autoconfigure.validation.ValidationAutoConfiguration, org.springframework.boot.autoconfigure.web.servlet.error.ErrorMvcAutoConfiguration, org.springframework.boot.autoconfigure.web.servlet.WebMvcAutoConfiguration, org.springframework.boot.test.autoconfigure.web.servlet.MockMvcAutoConfiguration, org.springframework.boot.test.autoconfigure.web.servlet.MockMvcSecurityAutoConfiguration, org.springframework.boot.test.autoconfigure.web.servlet.MockMvcWebClientAutoConfiguration, org.springframework.boot.test.autoconfigure.web.servlet.MockMvcWebDriverAutoConfiguration]], org.springframework.boot.test.context.filter.ExcludeFilterContextCustomizer@3730905e, org.springframework.boot.test.json.DuplicateJsonObjectContextCustomizerFactory$DuplicateJsonObjectContextCustomizer@40819172, org.springframework.boot.test.mock.mockito.MockitoContextCustomizer@0], resourceBasePath = 'src/main/webapp', contextLoader = 'org.springframework.boot.test.context.SpringBootContextLoader', parent = [null]], attributes = map[[empty]]], class annotated with @DirtiesContext [false] with mode [null].
15:26:15.461 [Test worker] DEBUG org.springframework.test.annotation.ProfileValueUtils - Retrieved @ProfileValueSourceConfiguration [null] for test class [com.example.demo.web.HelloControllerTest]
15:26:15.461 [Test worker] DEBUG org.springframework.test.annotation.ProfileValueUtils - Retrieved ProfileValueSource type [class org.springframework.test.annotation.SystemProfileValueSource] for class [com.example.demo.web.HelloControllerTest]
15:26:15.464 [Test worker] DEBUG org.springframework.test.context.support.DependencyInjectionTestExecutionListener - Performing dependency injection for test context [[DefaultTestContext@72c811aa testClass = HelloControllerTest, testInstance = com.example.demo.web.HelloControllerTest@3107b559, testMethod = [null], testException = [null], mergedContextConfiguration = [WebMergedContextConfiguration@4a60e5c testClass = HelloControllerTest, locations = '{}', classes = '{class com.example.demo.DemoApplication}', contextInitializerClasses = '[]', activeProfiles = '{}', propertySourceLocations = '{}', propertySourceProperties = '{org.springframework.boot.test.autoconfigure.web.servlet.WebMvcTestContextBootstrapper=true}', contextCustomizers = set[org.springframework.boot.test.autoconfigure.OverrideAutoConfigurationContextCustomizerFactory$DisableAutoConfigurationContextCustomizer@3939a48f, org.springframework.boot.test.autoconfigure.filter.TypeExcludeFiltersContextCustomizer@67e6fb0c, org.springframework.boot.test.autoconfigure.properties.PropertyMappingContextCustomizer@dd4b34e, org.springframework.boot.test.autoconfigure.web.servlet.WebDriverContextCustomizerFactory$Customizer@46e71547, [ImportsContextCustomizer@1d2be473 key = [org.springframework.boot.autoconfigure.cache.CacheAutoConfiguration, org.springframework.boot.autoconfigure.context.MessageSourceAutoConfiguration, org.springframework.boot.autoconfigure.data.web.SpringDataWebAutoConfiguration, org.springframework.boot.autoconfigure.freemarker.FreeMarkerAutoConfiguration, org.springframework.boot.autoconfigure.groovy.template.GroovyTemplateAutoConfiguration, org.springframework.boot.autoconfigure.gson.GsonAutoConfiguration, org.springframework.boot.autoconfigure.hateoas.HypermediaAutoConfiguration, org.springframework.boot.autoconfigure.http.HttpMessageConvertersAutoConfiguration, org.springframework.boot.autoconfigure.jackson.JacksonAutoConfiguration, org.springframework.boot.autoconfigure.jsonb.JsonbAutoConfiguration, org.springframework.boot.autoconfigure.mustache.MustacheAutoConfiguration, org.springframework.boot.autoconfigure.task.TaskExecutionAutoConfiguration, org.springframework.boot.autoconfigure.thymeleaf.ThymeleafAutoConfiguration, org.springframework.boot.autoconfigure.validation.ValidationAutoConfiguration, org.springframework.boot.autoconfigure.web.servlet.error.ErrorMvcAutoConfiguration, org.springframework.boot.autoconfigure.web.servlet.WebMvcAutoConfiguration, org.springframework.boot.test.autoconfigure.web.servlet.MockMvcAutoConfiguration, org.springframework.boot.test.autoconfigure.web.servlet.MockMvcSecurityAutoConfiguration, org.springframework.boot.test.autoconfigure.web.servlet.MockMvcWebClientAutoConfiguration, org.springframework.boot.test.autoconfigure.web.servlet.MockMvcWebDriverAutoConfiguration]], org.springframework.boot.test.context.filter.ExcludeFilterContextCustomizer@3730905e, org.springframework.boot.test.json.DuplicateJsonObjectContextCustomizerFactory$DuplicateJsonObjectContextCustomizer@40819172, org.springframework.boot.test.mock.mockito.MockitoContextCustomizer@0], resourceBasePath = 'src/main/webapp', contextLoader = 'org.springframework.boot.test.context.SpringBootContextLoader', parent = [null]], attributes = map[[empty]]]].
15:26:15.537 [Test worker] DEBUG org.springframework.test.context.support.TestPropertySourceUtils - Adding inlined properties to environment: {spring.jmx.enabled=false, org.springframework.boot.test.autoconfigure.web.servlet.WebMvcTestContextBootstrapper=true, server.port=-1}

  .   ____          _            __ _ _
 /\\ / ___'_ __ _ _(_)_ __  __ _ \ \ \ \
( ( )\___ | '_ | '_| | '_ \/ _` | \ \ \ \
 \\/  ___)| |_)| | | | | || (_| |  ) ) ) )
  '  |____| .__|_| |_|_| |_\__, | / / / /
 =========|_|==============|___/=/_/_/_/
 :: Spring Boot ::        (v2.1.7.RELEASE)

2020-07-23 15:26:15.680  INFO 13532 --- [    Test worker] c.example.demo.web.HelloControllerTest   : Starting HelloControllerTest on DESKTOP-IMSH2M8 with PID 13532 (started by SUY in D:\DEV\eclipse-workspace\demo)
2020-07-23 15:26:15.683  INFO 13532 --- [    Test worker] c.example.demo.web.HelloControllerTest   : No active profile set, falling back to default profiles: default
2020-07-23 15:26:16.415  INFO 13532 --- [    Test worker] o.s.s.concurrent.ThreadPoolTaskExecutor  : Initializing ExecutorService 'applicationTaskExecutor'
2020-07-23 15:26:16.467  INFO 13532 --- [    Test worker] o.s.b.a.w.s.WelcomePageHandlerMapping    : Adding welcome page template: index
2020-07-23 15:26:16.669  INFO 13532 --- [    Test worker] .s.s.UserDetailsServiceAutoConfiguration : 

Using generated security password: 632b5c16-7642-41d6-8c53-fb65bb30f815

2020-07-23 15:26:16.813  INFO 13532 --- [    Test worker] o.s.s.web.DefaultSecurityFilterChain     : Creating filter chain: any request, [org.springframework.security.web.context.request.async.WebAsyncManagerIntegrationFilter@d5d06c2, org.springframework.security.web.context.SecurityContextPersistenceFilter@7f1e3d42, org.springframework.security.web.header.HeaderWriterFilter@7634a0e9, org.springframework.security.web.csrf.CsrfFilter@17b26f12, org.springframework.security.web.authentication.logout.LogoutFilter@53dfce85, org.springframework.security.web.authentication.UsernamePasswordAuthenticationFilter@194a7715, org.springframework.security.web.authentication.ui.DefaultLoginPageGeneratingFilter@7a01a630, org.springframework.security.web.authentication.ui.DefaultLogoutPageGeneratingFilter@5e85505e, org.springframework.security.web.authentication.www.BasicAuthenticationFilter@31959f27, org.springframework.security.web.savedrequest.RequestCacheAwareFilter@4358cb8b, org.springframework.security.web.servletapi.SecurityContextHolderAwareRequestFilter@4322df20, org.springframework.security.web.authentication.AnonymousAuthenticationFilter@108795c3, org.springframework.security.web.session.SessionManagementFilter@4dc50be6, org.springframework.security.web.access.ExceptionTranslationFilter@4c1bac81, org.springframework.security.web.access.intercept.FilterSecurityInterceptor@508bb58c]
2020-07-23 15:26:16.840  INFO 13532 --- [    Test worker] o.s.b.t.m.w.SpringBootMockServletContext : Initializing Spring TestDispatcherServlet ''
2020-07-23 15:26:16.840  INFO 13532 --- [    Test worker] o.s.t.web.servlet.TestDispatcherServlet  : Initializing Servlet ''
2020-07-23 15:26:16.847  INFO 13532 --- [    Test worker] o.s.t.web.servlet.TestDispatcherServlet  : Completed initialization in 7 ms
2020-07-23 15:26:16.875  INFO 13532 --- [    Test worker] c.example.demo.web.HelloControllerTest   : Started HelloControllerTest in 1.334 seconds (JVM running for 1.962)
]]></system-out>
  <system-err><![CDATA[]]></system-err>
</testsuite>
